Arguments: 
  C:\Program Files\nodejs\node.exe C:\Users\Goose532_\AppData\Roaming\npm\node_modules\yarn\bin\yarn.js add discord.js path mysql2 dotenv

PATH: 
  D:\Oculus\Support\oculus-runtime;F:\python3.10\Scripts\;F:\python3.10\;C:\Program Files\Common Files\Oracle\Java\javapath;C:\Program Files (x86)\Common Files\Oracle\Java\javapath;C:\ffmpeg\bin;C:\Python39\Scripts\;C:\Python39\;C:\Windows\system32;C:\Windows;C:\Windows\System32\Wbem;C:\Windows\System32\WindowsPowerShell\v1.0\;C:\Windows\System32\OpenSSH\;C:\ProgramData\chocolatey\bin;C:\Program Files\dotnet\;C:\Program Files\Git\cmd;C:\Program Files\Git LFS;C:\Users\Goose532_\AppData\Local\Microsoft\WindowsApps;C:\Users\Goose532_\AppData\Local\Programs\Microsoft VS Code\bin;C:\Users\Goose532_\AppData\Local\GitHubDesktop\bin;C:\Users\Goose532_\AppData\Roaming\npm;C:\Program Files (x86)\NVIDIA Corporation\PhysX\Common;C:\Program Files\NVIDIA Corporation\NVIDIA NvDLISR;C:\TDM-GCC-64\bin;C:\winlibs\mingw64\bin;C:\Program Files\nodejs\;C:\Program Files\CMake\bin;%SystemRoot%\system32;%SystemRoot%;%SystemRoot%\System32\Wbem;%SYSTEMROOT%\System32\WindowsPowerShell\v1.0\;%SYSTEMROOT%\System32\OpenSSH\;C:\Users\Goose532_\.cargo\bin;C:\Program Files\MySQL\MySQL Shell 8.0\bin\;C:\Program Files\Common Files\Oracle\Java\javapath;C:\Program Files (x86)\Common Files\Oracle\Java\javapath;C:\ffmpeg\bin;C:\Python39\Scripts\;C:\Python39\;C:\Windows\system32;C:\Windows;C:\Windows\System32\Wbem;C:\Windows\System32\WindowsPowerShell\v1.0\;C:\Windows\System32\OpenSSH\;C:\ProgramData\chocolatey\bin;C:\Program Files\dotnet\;C:\Program Files\Git\cmd;C:\Program Files\Git LFS;C:\Users\Goose532_\AppData\Local\Microsoft\WindowsApps;C:\Users\Goose532_\AppData\Local\Programs\Microsoft VS Code\bin;C:\Users\Goose532_\AppData\Local\GitHubDesktop\bin;C:\Users\Goose532_\AppData\Roaming\npm;C:\Program Files (x86)\NVIDIA Corporation\PhysX\Common;C:\Program Files\NVIDIA Corporation\NVIDIA NvDLISR;D:\go\bin;C:\TDM-GCC-64\bin;C:\winlibs\mingw64\bin;C:\Program Files\nodejs\;F:\conda;F:\conda\Library\mingw-w64\bin;F:\conda\Library\usr\bin;F:\conda\Library\bin;F:\conda\Scripts;C:\Users\Goo;F:\pycharm\PyCharm Community Edition 2023.1\bin;;C:\Users\Goose532_\.dotnet\tools;C:\Users\Goose532_\AppData\Local\Microsoft\WindowsApps;

Yarn version: 
  1.22.19

Node version: 
  19.4.0

Platform: 
  win32 x64

Trace: 
  Error: https://registry.yarnpkg.com/discord.js%20path%20mysql2%20dotenv: Not found
      at params.callback [as _callback] (C:\Users\Goose532_\AppData\Roaming\npm\node_modules\yarn\lib\cli.js:66145:18)
      at self.callback (C:\Users\Goose532_\AppData\Roaming\npm\node_modules\yarn\lib\cli.js:140890:22)
      at Request.emit (node:events:513:28)
      at Request.<anonymous> (C:\Users\Goose532_\AppData\Roaming\npm\node_modules\yarn\lib\cli.js:141862:10)
      at Request.emit (node:events:513:28)
      at IncomingMessage.<anonymous> (C:\Users\Goose532_\AppData\Roaming\npm\node_modules\yarn\lib\cli.js:141784:12)
      at Object.onceWrapper (node:events:627:28)
      at IncomingMessage.emit (node:events:525:35)
      at endReadableNT (node:internal/streams/readable:1359:12)
      at process.processTicksAndRejections (node:internal/process/task_queues:82:21)

npm manifest: 
  {
    "name": "utilBot",
    "version": "1.0.0",
    "main": "index.js",
    "author": "Goose532 <kklaer532@gmail.com>",
    "license": "MIT"
  }

yarn manifest: 
  No manifest

Lockfile: 
  # THIS IS AN AUTOGENERATED FILE. DO NOT EDIT THIS FILE DIRECTLY.
  # yarn lockfile v1
